total 537
drwxr-xr-x 1 byrln 197609      0 Apr 29 04:26 ./
drwxr-xr-x 1 byrln 197609      0 Apr 27 20:44 ../
-rw-r--r-- 1 byrln 197609    728 Apr 28 22:53 .env
-rw-r--r-- 1 byrln 197609    228 Apr 27 23:28 .env.example
-rw-r--r-- 1 byrln 197609    431 Apr 27 21:28 .gitignore
drwxr-xr-x 1 byrln 197609      0 Apr 29 04:11 .next/
drwxr-xr-x 1 byrln 197609      0 Apr 27 21:14 .vscode/
-rw-r--r-- 1 byrln 197609   3889 Apr 27 23:49 ADMIN-DASHBOARD.md
-rw-r--r-- 1 byrln 197609   3074 Apr 27 23:32 BACKEND.md
-rw-r--r-- 1 byrln 197609      0 Apr 28 19:11 C:UsersbyrlnAppDataLocalTemp03b2800d-afe9-4cff-bff5-8ff3e9b1a164.log
-rw-r--r-- 1 byrln 197609      0 Apr 27 23:37 C:UsersbyrlnAppDataLocalTemp04eadea6-0cd9-4d57-a44b-bd6f068e64ea.log
-rw-r--r-- 1 byrln 197609    143 Apr 27 22:10 C:UsersbyrlnAppDataLocalTemp08f4f587-6f61-42c2-9a68-8c5a9dd6a51a.log
-rw-r--r-- 1 byrln 197609    328 Apr 28 22:48 C:UsersbyrlnAppDataLocalTemp09a32d57-74c1-428b-a0be-ff04ed69818d.log
-rw-r--r-- 1 byrln 197609      0 Apr 28 21:13 C:UsersbyrlnAppDataLocalTemp0c0cb25b-4e8f-4c77-9100-4f0af6ee05ca.log
-rw-r--r-- 1 byrln 197609    132 Apr 27 22:12 C:UsersbyrlnAppDataLocalTemp17ea9c48-9019-47ba-b0ba-1edc0778c918.log
-rw-r--r-- 1 byrln 197609    328 Apr 28 16:55 C:UsersbyrlnAppDataLocalTemp1aea6145-85a4-48e0-b11e-7e642a2a823f.log
-rw-r--r-- 1 byrln 197609      0 Apr 29 03:18 C:UsersbyrlnAppDataLocalTemp1ceb748a-3a27-4337-89bc-09d89186a515.log
-rw-r--r-- 1 byrln 197609   1465 Apr 28 16:59 C:UsersbyrlnAppDataLocalTemp1ffc6b60-8e6f-403c-9161-3c3fbfd71671.log
-rw-r--r-- 1 byrln 197609    131 Apr 27 21:39 C:UsersbyrlnAppDataLocalTemp223c0234-3309-4fbb-8c24-af22a89d6ff2.log
-rw-r--r-- 1 byrln 197609      0 Apr 28 19:31 C:UsersbyrlnAppDataLocalTemp26113d6a-b7d3-48d3-ae57-315d1499864d.log
-rw-r--r-- 1 byrln 197609    182 Apr 28 19:01 C:UsersbyrlnAppDataLocalTemp26d09ef6-6621-450e-bd7f-5a8274be2599.log
-rw-r--r-- 1 byrln 197609     30 Apr 28 21:36 C:UsersbyrlnAppDataLocalTemp2833da5f-ea3f-4451-a7f1-9ebafe8ba029.log
-rw-r--r-- 1 byrln 197609      0 Apr 28 21:01 C:UsersbyrlnAppDataLocalTemp297d5d54-0190-433d-9f27-f5b4015d0430.log
-rw-r--r-- 1 byrln 197609      0 Apr 27 23:18 C:UsersbyrlnAppDataLocalTemp2a4cbb53-dacd-40f4-a9c3-d7e911bb0ea2.log
-rw-r--r-- 1 byrln 197609     62 Apr 27 20:52 C:UsersbyrlnAppDataLocalTemp2f458900-0147-4261-bbca-8a5df93fc8ee.log
-rw-r--r-- 1 byrln 197609      0 Apr 28 19:23 C:UsersbyrlnAppDataLocalTemp324ac290-5cb2-4861-a082-f2c6c6fcb23c.log
-rw-r--r-- 1 byrln 197609     62 Apr 27 20:55 C:UsersbyrlnAppDataLocalTemp32560ecb-4838-4bd0-9365-f44e49dd3e05.log
-rw-r--r-- 1 byrln 197609    197 Apr 28 16:49 C:UsersbyrlnAppDataLocalTemp3376e881-e650-4417-98ee-ae6d396483ab.log
-rw-r--r-- 1 byrln 197609     81 Apr 29 03:50 C:UsersbyrlnAppDataLocalTemp347bb214-bab4-4b79-b131-8cc9994f0ae1.log
-rw-r--r-- 1 byrln 197609     79 Apr 28 19:47 C:UsersbyrlnAppDataLocalTemp34cfe5ce-4daa-4291-a740-3adac1a17df2.log
-rw-r--r-- 1 byrln 197609      0 Apr 28 19:33 C:UsersbyrlnAppDataLocalTemp37598607-e35a-43fa-a60d-0e01cbbf20dd.log
-rw-r--r-- 1 byrln 197609     67 Apr 27 22:09 C:UsersbyrlnAppDataLocalTemp3935bbbc-e5cf-494b-8274-be0e5c21fba1.log
-rw-r--r-- 1 byrln 197609    991 Apr 28 22:16 C:UsersbyrlnAppDataLocalTemp3b65ad1e-6dd7-409c-ba0d-9e3806897a71.log
-rw-r--r-- 1 byrln 197609    161 Apr 29 03:56 C:UsersbyrlnAppDataLocalTemp3e5ea26b-a900-4f4c-8f22-069b5a8f7d01.log
-rw-r--r-- 1 byrln 197609     20 Apr 28 19:00 C:UsersbyrlnAppDataLocalTemp3e7ce829-a071-4ed2-aac8-9672fc674ae3.log
-rw-r--r-- 1 byrln 197609     29 Apr 28 17:02 C:UsersbyrlnAppDataLocalTemp41cba1b5-ff74-4b2a-8a47-c5c384f06571.log
-rw-r--r-- 1 byrln 197609    148 Apr 28 22:30 C:UsersbyrlnAppDataLocalTemp44418c88-0dad-42d5-afe2-b9d3a7b7ffe8.log
-rw-r--r-- 1 byrln 197609     12 Apr 28 21:19 C:UsersbyrlnAppDataLocalTemp45efb48b-6a9e-494d-8e8c-7a2ed59f2727.log
-rw-r--r-- 1 byrln 197609    144 Apr 28 18:04 C:UsersbyrlnAppDataLocalTemp475e9f1d-3669-4ed2-9e33-469e0e3a8ec4.log
-rw-r--r-- 1 byrln 197609     67 Apr 28 17:59 C:UsersbyrlnAppDataLocalTemp47da7d4c-49ce-4e98-a0ea-dff22fa4badf.log
-rw-r--r-- 1 byrln 197609     38 Apr 28 21:19 C:UsersbyrlnAppDataLocalTemp48ea28cf-573a-4572-9acd-c01d51d25cae.log
-rw-r--r-- 1 byrln 197609      0 Apr 29 04:26 C:UsersbyrlnAppDataLocalTemp491685aa-6541-4ac2-a22b-f8b595eb6da6.log
-rw-r--r-- 1 byrln 197609     20 Apr 28 18:59 C:UsersbyrlnAppDataLocalTemp4997c6d8-25e8-498b-816a-c3a895ef2cb6.log
-rw-r--r-- 1 byrln 197609     20 Apr 28 20:57 C:UsersbyrlnAppDataLocalTemp4a6ae28d-5e52-42b5-9d1d-940f95e93c04.log
-rw-r--r-- 1 byrln 197609    369 Apr 28 00:48 C:UsersbyrlnAppDataLocalTemp4cac5ed8-c949-4bb6-8e82-ca074c61d5ca.log
-rw-r--r-- 1 byrln 197609     96 Apr 28 00:36 C:UsersbyrlnAppDataLocalTemp4ecbb5f1-3d9f-4494-846a-3063cd98a821.log
-rw-r--r-- 1 byrln 197609      0 Apr 28 19:06 C:UsersbyrlnAppDataLocalTemp50d8a2e4-4418-444b-98b7-efee94217ff6.log
-rw-r--r-- 1 byrln 197609    940 Apr 28 22:07 C:UsersbyrlnAppDataLocalTemp52d50771-4373-4a91-95b1-0e32603ed8fd.log
-rw-r--r-- 1 byrln 197609    132 Apr 27 22:13 C:UsersbyrlnAppDataLocalTemp536c05d6-a0a1-4b15-a0c1-b73ae74c91c0.log
-rw-r--r-- 1 byrln 197609     30 Apr 28 16:58 C:UsersbyrlnAppDataLocalTemp56f35abb-2823-45cf-8e20-5d0a592a6507.log
-rw-r--r-- 1 byrln 197609      0 Apr 28 00:45 C:UsersbyrlnAppDataLocalTemp6352bf89-aba8-4d33-903d-37b56514dbd8.log
-rw-r--r-- 1 byrln 197609    148 Apr 28 22:33 C:UsersbyrlnAppDataLocalTemp6a41787f-c1e5-4dc1-aec7-ba78a87fe0c9.log
-rw-r--r-- 1 byrln 197609     86 Apr 28 20:53 C:UsersbyrlnAppDataLocalTemp6df4c9e6-c408-42e4-8e5b-24b3e9f05da6.log
-rw-r--r-- 1 byrln 197609      0 Apr 28 21:35 C:UsersbyrlnAppDataLocalTemp702c9e41-a21c-41f8-b823-47c50422ac61.log
-rw-r--r-- 1 byrln 197609    620 Apr 27 20:58 C:UsersbyrlnAppDataLocalTemp70cdfb69-23d5-4689-9e0f-36ada2e0e1a2.log
-rw-r--r-- 1 byrln 197609    405 Apr 27 23:18 C:UsersbyrlnAppDataLocalTemp7322f836-dbe1-49ff-897b-ec9f431fe094.log
-rw-r--r-- 1 byrln 197609      0 Apr 28 00:44 C:UsersbyrlnAppDataLocalTemp732d1091-5f3c-437e-b91b-43b5a66d9a77.log
-rw-r--r-- 1 byrln 197609   1001 Apr 28 00:46 C:UsersbyrlnAppDataLocalTemp7556c9f6-fc63-422b-a205-44be2ea4a9ed.log
-rw-r--r-- 1 byrln 197609    286 Apr 27 22:15 C:UsersbyrlnAppDataLocalTemp76061430-6dba-4923-bd3f-26161efce7fc.log
-rw-r--r-- 1 byrln 197609     20 Apr 28 19:00 C:UsersbyrlnAppDataLocalTemp763046bf-141d-47f0-ab7f-fd72b9d17888.log
-rw-r--r-- 1 byrln 197609      0 Apr 28 22:34 C:UsersbyrlnAppDataLocalTemp7a185f34-58ed-47a0-8f10-63bee372c775.log
-rw-r--r-- 1 byrln 197609      0 Apr 27 20:59 C:UsersbyrlnAppDataLocalTemp7cc53095-a3ca-4a7b-97ba-2b848856ba21.log
-rw-r--r-- 1 byrln 197609      0 Apr 28 19:07 C:UsersbyrlnAppDataLocalTemp7e3e2d5f-23e9-43ff-a1da-60f309349749.log
-rw-r--r-- 1 byrln 197609    135 Apr 28 20:51 C:UsersbyrlnAppDataLocalTemp830ef973-afc0-43d1-a3f5-f13d017ea74d.log
-rw-r--r-- 1 byrln 197609      0 Apr 28 18:12 C:UsersbyrlnAppDataLocalTemp840b5ec8-12f1-4dda-88c2-75319c84ab13.log
-rw-r--r-- 1 byrln 197609    429 Apr 28 16:50 C:UsersbyrlnAppDataLocalTemp852b48e0-8c7d-46db-94ab-37cf87651e61.log
-rw-r--r-- 1 byrln 197609      0 Apr 27 22:15 C:UsersbyrlnAppDataLocalTemp868f4653-4bfa-41f7-933f-429b3a0fd33e.log
-rw-r--r-- 1 byrln 197609     36 Apr 28 17:58 C:UsersbyrlnAppDataLocalTemp87dbc858-97a0-482d-8770-13c2d28ad137.log
-rw-r--r-- 1 byrln 197609    132 Apr 28 00:49 C:UsersbyrlnAppDataLocalTemp8837f75a-b189-42a9-8ef4-fd43d066e7e8.log
-rw-r--r-- 1 byrln 197609    189 Apr 28 00:39 C:UsersbyrlnAppDataLocalTemp891647a7-201e-48f8-a28c-12f62b04e874.log
-rw-r--r-- 1 byrln 197609      0 Apr 27 21:37 C:UsersbyrlnAppDataLocalTemp8b0d6064-79df-4655-9a1d-2e95fa305c19.log
-rw-r--r-- 1 byrln 197609      0 Apr 28 18:08 C:UsersbyrlnAppDataLocalTemp8b29dbb9-6622-4b6a-a6b6-9a675d89f96f.log
-rw-r--r-- 1 byrln 197609   4320 Apr 28 00:44 C:UsersbyrlnAppDataLocalTemp8cc8f128-d3cd-4306-9f3f-27c1bc4df7af.log
-rw-r--r-- 1 byrln 197609    406 Apr 29 03:35 C:UsersbyrlnAppDataLocalTemp95d46d7a-7d76-4321-bd06-9c2e539a1d75.log
-rw-r--r-- 1 byrln 197609      0 Apr 28 18:11 C:UsersbyrlnAppDataLocalTemp973424c9-8288-416d-85f9-a49f369c624d.log
-rw-r--r-- 1 byrln 197609      0 Apr 28 22:47 C:UsersbyrlnAppDataLocalTempa0389aba-b944-469c-931b-e9494be59af2.log
-rw-r--r-- 1 byrln 197609     29 Apr 28 17:52 C:UsersbyrlnAppDataLocalTempa0e688d6-ae43-47eb-a6af-b37863d064ba.log
-rw-r--r-- 1 byrln 197609    328 Apr 28 17:02 C:UsersbyrlnAppDataLocalTempa2a39268-e0a4-4a4b-aabb-005517c5f0cb.log
-rw-r--r-- 1 byrln 197609      0 Apr 28 20:49 C:UsersbyrlnAppDataLocalTempa75330a7-2677-4aa0-bde3-01b38f4b4541.log
-rw-r--r-- 1 byrln 197609     36 Apr 28 16:46 C:UsersbyrlnAppDataLocalTempa92a2e92-04f2-409a-bc10-21677dd4b0b4.log
-rw-r--r-- 1 byrln 197609    553 Apr 28 16:47 C:UsersbyrlnAppDataLocalTempaa30fb7d-28b0-402b-98e7-dc0fcfd85d96.log
-rw-r--r-- 1 byrln 197609      0 Apr 28 22:36 C:UsersbyrlnAppDataLocalTempaa41fd90-584e-4224-939f-3296749f44eb.log
-rw-r--r-- 1 byrln 197609     77 Apr 28 18:22 C:UsersbyrlnAppDataLocalTempae44ff9c-c585-4b33-af88-a119ce610fab.log
-rw-r--r-- 1 byrln 197609      0 Apr 28 18:20 C:UsersbyrlnAppDataLocalTempb4aa424b-050d-49da-aace-6e21f10adec0.log
-rw-r--r-- 1 byrln 197609      0 Apr 27 23:15 C:UsersbyrlnAppDataLocalTempb5cdc2e6-9a69-4399-a52f-4a2ecb3247d7.log
-rw-r--r-- 1 byrln 197609     20 Apr 29 03:01 C:UsersbyrlnAppDataLocalTempbbdb8301-062c-4f91-9238-f4dea24c00ff.log
-rw-r--r-- 1 byrln 197609    254 Apr 28 21:07 C:UsersbyrlnAppDataLocalTempbc46551a-c2e7-498c-8ba8-840677d236eb.log
-rw-r--r-- 1 byrln 197609     83 Apr 28 20:21 C:UsersbyrlnAppDataLocalTempbd7f879e-2675-43dc-b50a-0fe09bd25b19.log
-rw-r--r-- 1 byrln 197609     43 Apr 27 20:51 C:UsersbyrlnAppDataLocalTempc05a5d45-d231-48e1-b66e-b4dbcf9f73db.log
-rw-r--r-- 1 byrln 197609    328 Apr 28 16:49 C:UsersbyrlnAppDataLocalTempc0e305e8-f3ae-4a32-a786-42760db37540.log
-rw-r--r-- 1 byrln 197609      0 Apr 28 18:22 C:UsersbyrlnAppDataLocalTempc609d6d9-5027-44a4-b9f3-1d5e0e26fdbb.log
-rw-r--r-- 1 byrln 197609     20 Apr 28 17:57 C:UsersbyrlnAppDataLocalTempc894e771-3518-4ca2-8dff-603eeea6101e.log
-rw-r--r-- 1 byrln 197609     20 Apr 28 22:59 C:UsersbyrlnAppDataLocalTempcb09c0d5-ab81-4ca2-99c5-fc06086702d9.log
-rw-r--r-- 1 byrln 197609      0 Apr 28 20:48 C:UsersbyrlnAppDataLocalTempcb221903-8906-4ba0-a52b-b12a52ab5f80.log
-rw-r--r-- 1 byrln 197609     48 Apr 28 00:42 C:UsersbyrlnAppDataLocalTempcc6a0c62-3e86-4dbf-9029-bac271e55c0d.log
-rw-r--r-- 1 byrln 197609     79 Apr 29 04:25 C:UsersbyrlnAppDataLocalTempd3223b32-8aeb-43dc-8210-fa87d9e24c3f.log
-rw-r--r-- 1 byrln 197609      0 Apr 28 18:06 C:UsersbyrlnAppDataLocalTempd4de9dfb-864c-43ae-bff9-0979fb643872.log
-rw-r--r-- 1 byrln 197609    141 Apr 27 22:48 C:UsersbyrlnAppDataLocalTempd835411a-9508-440b-af08-4f690ebfb498.log
-rw-r--r-- 1 byrln 197609     29 Apr 28 17:53 C:UsersbyrlnAppDataLocalTempdb861af7-8775-4a80-a623-da54e0a5388a.log
-rw-r--r-- 1 byrln 197609     62 Apr 27 20:54 C:UsersbyrlnAppDataLocalTempe3aaf3e6-e6c6-4f9b-b229-626fdf358b7d.log
-rw-r--r-- 1 byrln 197609      0 Apr 27 23:38 C:UsersbyrlnAppDataLocalTempe53a38c7-e195-4a13-9730-d870d2c7fd40.log
-rw-r--r-- 1 byrln 197609     32 Apr 28 17:00 C:UsersbyrlnAppDataLocalTempe54dbfb8-3ed8-4ec6-a01d-94b8f6d91329.log
-rw-r--r-- 1 byrln 197609      0 Apr 28 20:28 C:UsersbyrlnAppDataLocalTempe72b11e7-1fe4-4c72-b5ea-bc855af1052f.log
-rw-r--r-- 1 byrln 197609    212 Apr 28 00:49 C:UsersbyrlnAppDataLocalTempe7a168ac-b222-4c17-b6cf-0dce42c9125e.log
-rw-r--r-- 1 byrln 197609     29 Apr 29 03:57 C:UsersbyrlnAppDataLocalTempe8a44e6c-c1ee-41a1-994a-683b9e122be6.log
-rw-r--r-- 1 byrln 197609      0 Apr 28 00:35 C:UsersbyrlnAppDataLocalTempeecb7085-dc28-4ebf-8f8a-11d3b8fdd93e.log
-rw-r--r-- 1 byrln 197609     20 Apr 28 19:02 C:UsersbyrlnAppDataLocalTempef5718a4-3554-439c-9e58-6301cee9141a.log
-rw-r--r-- 1 byrln 197609      0 Apr 28 19:17 C:UsersbyrlnAppDataLocalTempf0970901-4165-4be3-a867-4519f576c90d.log
-rw-r--r-- 1 byrln 197609    141 Apr 28 18:07 C:UsersbyrlnAppDataLocalTempf2d4d969-e001-4cdb-91b0-bdd9a12ef1b9.log
-rw-r--r-- 1 byrln 197609      0 Apr 27 23:17 C:UsersbyrlnAppDataLocalTempffbd93c3-74f4-42ee-9c78-ba23cfeb1e81.log
-rw-r--r-- 1 byrln 197609   1640 Apr 29 03:01 create-test-product.js
-rw-r--r-- 1 byrln 197609    324 Apr 27 21:36 next.config.js
-rw-r--r-- 1 byrln 197609    216 Apr 27 21:46 next-env.d.ts
drwxr-xr-x 1 byrln 197609      0 Apr 29 03:56 node_modules/
-rw-r--r-- 1 byrln 197609   1874 Apr 29 03:59 package.json
-rw-r--r-- 1 byrln 197609 286932 Apr 29 03:56 package-lock.json
-rw-r--r-- 1 byrln 197609     86 Apr 27 21:05 postcss.config.js
drwxr-xr-x 1 byrln 197609      0 Apr 27 23:34 prisma/
drwxr-xr-x 1 byrln 197609      0 Apr 28 19:06 public/
-rw-r--r-- 1 byrln 197609   6399 Apr 28 17:56 README.md
-rw-r--r-- 1 byrln 197609    413 Apr 28 17:03 regenerate-prisma.js
-rw-r--r-- 1 byrln 197609    427 Apr 28 17:03 run-migrations.js
drwxr-xr-x 1 byrln 197609      0 Apr 28 21:01 scripts/
drwxr-xr-x 1 byrln 197609      0 Apr 29 03:24 src/
-rw-r--r-- 1 byrln 197609   2843 Apr 27 21:05 tailwind.config.js
-rw-r--r-- 1 byrln 197609    119 Apr 28 19:00 test-db.js
-rw-r--r-- 1 byrln 197609   1603 Apr 28 19:02 test-db-connection.js
-rw-r--r-- 1 byrln 197609   1304 Apr 28 22:59 test-product.js
-rw-r--r-- 1 byrln 197609    644 Apr 27 22:19 tsconfig.json
