total 402
drwxr-xr-x 1 byrln 197609      0 Apr 28 00:44 ./
drwxr-xr-x 1 byrln 197609      0 Apr 27 20:44 ../
-rw-r--r-- 1 byrln 197609    235 Apr 28 00:44 .env
-rw-r--r-- 1 byrln 197609    228 Apr 27 23:28 .env.example
-rw-r--r-- 1 byrln 197609    431 Apr 27 21:28 .gitignore
drwxr-xr-x 1 byrln 197609      0 Apr 27 23:49 .next/
drwxr-xr-x 1 byrln 197609      0 Apr 27 21:14 .vscode/
-rw-r--r-- 1 byrln 197609   3889 Apr 27 23:49 ADMIN-DASHBOARD.md
-rw-r--r-- 1 byrln 197609   3074 Apr 27 23:32 BACKEND.md
-rw-r--r-- 1 byrln 197609      0 Apr 27 23:37 C:UsersbyrlnAppDataLocalTemp04eadea6-0cd9-4d57-a44b-bd6f068e64ea.log
-rw-r--r-- 1 byrln 197609    143 Apr 27 22:10 C:UsersbyrlnAppDataLocalTemp08f4f587-6f61-42c2-9a68-8c5a9dd6a51a.log
-rw-r--r-- 1 byrln 197609    132 Apr 27 22:12 C:UsersbyrlnAppDataLocalTemp17ea9c48-9019-47ba-b0ba-1edc0778c918.log
-rw-r--r-- 1 byrln 197609    131 Apr 27 21:39 C:UsersbyrlnAppDataLocalTemp223c0234-3309-4fbb-8c24-af22a89d6ff2.log
-rw-r--r-- 1 byrln 197609      0 Apr 27 23:18 C:UsersbyrlnAppDataLocalTemp2a4cbb53-dacd-40f4-a9c3-d7e911bb0ea2.log
-rw-r--r-- 1 byrln 197609     62 Apr 27 20:52 C:UsersbyrlnAppDataLocalTemp2f458900-0147-4261-bbca-8a5df93fc8ee.log
-rw-r--r-- 1 byrln 197609     62 Apr 27 20:55 C:UsersbyrlnAppDataLocalTemp32560ecb-4838-4bd0-9365-f44e49dd3e05.log
-rw-r--r-- 1 byrln 197609     67 Apr 27 22:09 C:UsersbyrlnAppDataLocalTemp3935bbbc-e5cf-494b-8274-be0e5c21fba1.log
-rw-r--r-- 1 byrln 197609     96 Apr 28 00:36 C:UsersbyrlnAppDataLocalTemp4ecbb5f1-3d9f-4494-846a-3063cd98a821.log
-rw-r--r-- 1 byrln 197609    132 Apr 27 22:13 C:UsersbyrlnAppDataLocalTemp536c05d6-a0a1-4b15-a0c1-b73ae74c91c0.log
-rw-r--r-- 1 byrln 197609    620 Apr 27 20:58 C:UsersbyrlnAppDataLocalTemp70cdfb69-23d5-4689-9e0f-36ada2e0e1a2.log
-rw-r--r-- 1 byrln 197609    405 Apr 27 23:18 C:UsersbyrlnAppDataLocalTemp7322f836-dbe1-49ff-897b-ec9f431fe094.log
-rw-r--r-- 1 byrln 197609      0 Apr 28 00:44 C:UsersbyrlnAppDataLocalTemp732d1091-5f3c-437e-b91b-43b5a66d9a77.log
-rw-r--r-- 1 byrln 197609    286 Apr 27 22:15 C:UsersbyrlnAppDataLocalTemp76061430-6dba-4923-bd3f-26161efce7fc.log
-rw-r--r-- 1 byrln 197609      0 Apr 27 20:59 C:UsersbyrlnAppDataLocalTemp7cc53095-a3ca-4a7b-97ba-2b848856ba21.log
-rw-r--r-- 1 byrln 197609      0 Apr 27 22:15 C:UsersbyrlnAppDataLocalTemp868f4653-4bfa-41f7-933f-429b3a0fd33e.log
-rw-r--r-- 1 byrln 197609    189 Apr 28 00:39 C:UsersbyrlnAppDataLocalTemp891647a7-201e-48f8-a28c-12f62b04e874.log
-rw-r--r-- 1 byrln 197609      0 Apr 27 21:37 C:UsersbyrlnAppDataLocalTemp8b0d6064-79df-4655-9a1d-2e95fa305c19.log
-rw-r--r-- 1 byrln 197609      0 Apr 28 00:44 C:UsersbyrlnAppDataLocalTemp8cc8f128-d3cd-4306-9f3f-27c1bc4df7af.log
-rw-r--r-- 1 byrln 197609      0 Apr 27 23:15 C:UsersbyrlnAppDataLocalTempb5cdc2e6-9a69-4399-a52f-4a2ecb3247d7.log
-rw-r--r-- 1 byrln 197609     43 Apr 27 20:51 C:UsersbyrlnAppDataLocalTempc05a5d45-d231-48e1-b66e-b4dbcf9f73db.log
-rw-r--r-- 1 byrln 197609     48 Apr 28 00:42 C:UsersbyrlnAppDataLocalTempcc6a0c62-3e86-4dbf-9029-bac271e55c0d.log
-rw-r--r-- 1 byrln 197609    141 Apr 27 22:48 C:UsersbyrlnAppDataLocalTempd835411a-9508-440b-af08-4f690ebfb498.log
-rw-r--r-- 1 byrln 197609     62 Apr 27 20:54 C:UsersbyrlnAppDataLocalTempe3aaf3e6-e6c6-4f9b-b229-626fdf358b7d.log
-rw-r--r-- 1 byrln 197609      0 Apr 27 23:38 C:UsersbyrlnAppDataLocalTempe53a38c7-e195-4a13-9730-d870d2c7fd40.log
-rw-r--r-- 1 byrln 197609      0 Apr 28 00:35 C:UsersbyrlnAppDataLocalTempeecb7085-dc28-4ebf-8f8a-11d3b8fdd93e.log
-rw-r--r-- 1 byrln 197609      0 Apr 27 23:17 C:UsersbyrlnAppDataLocalTempffbd93c3-74f4-42ee-9c78-ba23cfeb1e81.log
-rw-r--r-- 1 byrln 197609    324 Apr 27 21:36 next.config.js
-rw-r--r-- 1 byrln 197609    216 Apr 27 21:46 next-env.d.ts
drwxr-xr-x 1 byrln 197609      0 Apr 27 23:34 node_modules/
-rw-r--r-- 1 byrln 197609   1657 Apr 27 23:28 package.json
-rw-r--r-- 1 byrln 197609 277503 Apr 27 23:34 package-lock.json
-rw-r--r-- 1 byrln 197609     86 Apr 27 21:05 postcss.config.js
drwxr-xr-x 1 byrln 197609      0 Apr 27 23:34 prisma/
-rw-r--r-- 1 byrln 197609   2840 Apr 27 21:36 README.md
drwxr-xr-x 1 byrln 197609      0 Apr 27 23:28 scripts/
drwxr-xr-x 1 byrln 197609      0 Apr 27 23:28 src/
-rw-r--r-- 1 byrln 197609   2843 Apr 27 21:05 tailwind.config.js
-rw-r--r-- 1 byrln 197609    644 Apr 27 22:19 tsconfig.json
