
> mungundent@0.1.0 dev
> next dev

node:internal/child_process:512
      this.emit('error', new ErrnoException(err, 'kill'));
                         ^

Error: kill EPERM
    at ChildProcess.kill (node:internal/child_process:512:26)
    at handleSessionStop (D:\projects\pros\dental-clinic\node_modules\next\dist\cli\next-dev.js:91:71)
    at process.<anonymous> (D:\projects\pros\dental-clinic\node_modules\next\dist\cli\next-dev.js:145:26)
    at process.emit (node:events:520:28)
Emitted 'error' event on ChildProcess instance at:
    at ChildProcess.kill (node:internal/child_process:512:12)
    at handleSessionStop (D:\projects\pros\dental-clinic\node_modules\next\dist\cli\next-dev.js:91:71)
    at process.<anonymous> (D:\projects\pros\dental-clinic\node_modules\next\dist\cli\next-dev.js:145:26)
    at process.emit (node:events:520:28) {
  errno: -4048,
  code: 'EPERM',
  syscall: 'kill'
}

Node.js v22.8.0
