 ⚠ Port 3000 is in use, using available port 3001 instead.
   ▲ Next.js 15.3.1
   - Local:        http://localhost:3001
   - Network:      http://192.168.1.200:3001
   - Environments: .env

 ✓ Starting...
[Error: EPERM: operation not permitted, open 'D:\projects\pros\dental-clinic\.next\trace'] {
  errno: -4048,
  code: 'EPERM',
  syscall: 'open',
  path: 'D:\\projects\\pros\\dental-clinic\\.next\\trace'
}
 ✓ Ready in 2.8s
node:events:498
      throw er; // Unhandled 'error' event
      ^

Error: EPERM: operation not permitted, open 'D:\projects\pros\dental-clinic\.next\trace'
Emitted 'error' event on WriteStream instance at:
    at emitErrorNT (node:internal/streams/destroy:170:8)
    at emitErrorCloseNT (node:internal/streams/destroy:129:3)
    at process.processTicksAndRejections (node:internal/process/task_queues:90:21) {
  errno: -4048,
  code: 'EPERM',
  syscall: 'open',
  path: 'D:\\projects\\pros\\dental-clinic\\.next\\trace'
}

Node.js v22.8.0
