ADMIN-DASHBOARD.md
BACKEND.md
C:UsersbyrlnAppDataLocalTemp03b2800d-afe9-4cff-bff5-8ff3e9b1a164.log
C:UsersbyrlnAppDataLocalTemp04eadea6-0cd9-4d57-a44b-bd6f068e64ea.log
C:UsersbyrlnAppDataLocalTemp08f4f587-6f61-42c2-9a68-8c5a9dd6a51a.log
C:UsersbyrlnAppDataLocalTemp09a32d57-74c1-428b-a0be-ff04ed69818d.log
C:UsersbyrlnAppDataLocalTemp0c0cb25b-4e8f-4c77-9100-4f0af6ee05ca.log
C:UsersbyrlnAppDataLocalTemp17ea9c48-9019-47ba-b0ba-1edc0778c918.log
C:UsersbyrlnAppDataLocalTemp1aea6145-85a4-48e0-b11e-7e642a2a823f.log
C:UsersbyrlnAppDataLocalTemp1ceb748a-3a27-4337-89bc-09d89186a515.log
C:UsersbyrlnAppDataLocalTemp1ffc6b60-8e6f-403c-9161-3c3fbfd71671.log
C:UsersbyrlnAppDataLocalTemp223c0234-3309-4fbb-8c24-af22a89d6ff2.log
C:UsersbyrlnAppDataLocalTemp26113d6a-b7d3-48d3-ae57-315d1499864d.log
C:UsersbyrlnAppDataLocalTemp26d09ef6-6621-450e-bd7f-5a8274be2599.log
C:UsersbyrlnAppDataLocalTemp2833da5f-ea3f-4451-a7f1-9ebafe8ba029.log
C:UsersbyrlnAppDataLocalTemp297d5d54-0190-433d-9f27-f5b4015d0430.log
C:UsersbyrlnAppDataLocalTemp2a4cbb53-dacd-40f4-a9c3-d7e911bb0ea2.log
C:UsersbyrlnAppDataLocalTemp2f458900-0147-4261-bbca-8a5df93fc8ee.log
C:UsersbyrlnAppDataLocalTemp324ac290-5cb2-4861-a082-f2c6c6fcb23c.log
C:UsersbyrlnAppDataLocalTemp32560ecb-4838-4bd0-9365-f44e49dd3e05.log
C:UsersbyrlnAppDataLocalTemp3376e881-e650-4417-98ee-ae6d396483ab.log
C:UsersbyrlnAppDataLocalTemp347bb214-bab4-4b79-b131-8cc9994f0ae1.log
C:UsersbyrlnAppDataLocalTemp34cfe5ce-4daa-4291-a740-3adac1a17df2.log
C:UsersbyrlnAppDataLocalTemp37598607-e35a-43fa-a60d-0e01cbbf20dd.log
C:UsersbyrlnAppDataLocalTemp3935bbbc-e5cf-494b-8274-be0e5c21fba1.log
C:UsersbyrlnAppDataLocalTemp3b65ad1e-6dd7-409c-ba0d-9e3806897a71.log
C:UsersbyrlnAppDataLocalTemp3e5ea26b-a900-4f4c-8f22-069b5a8f7d01.log
C:UsersbyrlnAppDataLocalTemp3e7ce829-a071-4ed2-aac8-9672fc674ae3.log
C:UsersbyrlnAppDataLocalTemp41cba1b5-ff74-4b2a-8a47-c5c384f06571.log
C:UsersbyrlnAppDataLocalTemp44418c88-0dad-42d5-afe2-b9d3a7b7ffe8.log
C:UsersbyrlnAppDataLocalTemp45efb48b-6a9e-494d-8e8c-7a2ed59f2727.log
C:UsersbyrlnAppDataLocalTemp475e9f1d-3669-4ed2-9e33-469e0e3a8ec4.log
C:UsersbyrlnAppDataLocalTemp47da7d4c-49ce-4e98-a0ea-dff22fa4badf.log
C:UsersbyrlnAppDataLocalTemp48ea28cf-573a-4572-9acd-c01d51d25cae.log
C:UsersbyrlnAppDataLocalTemp491685aa-6541-4ac2-a22b-f8b595eb6da6.log
C:UsersbyrlnAppDataLocalTemp4997c6d8-25e8-498b-816a-c3a895ef2cb6.log
C:UsersbyrlnAppDataLocalTemp4a6ae28d-5e52-42b5-9d1d-940f95e93c04.log
C:UsersbyrlnAppDataLocalTemp4cac5ed8-c949-4bb6-8e82-ca074c61d5ca.log
C:UsersbyrlnAppDataLocalTemp4ecbb5f1-3d9f-4494-846a-3063cd98a821.log
C:UsersbyrlnAppDataLocalTemp50d8a2e4-4418-444b-98b7-efee94217ff6.log
C:UsersbyrlnAppDataLocalTemp52d50771-4373-4a91-95b1-0e32603ed8fd.log
C:UsersbyrlnAppDataLocalTemp536c05d6-a0a1-4b15-a0c1-b73ae74c91c0.log
C:UsersbyrlnAppDataLocalTemp56f35abb-2823-45cf-8e20-5d0a592a6507.log
C:UsersbyrlnAppDataLocalTemp5d5aa38b-058e-400b-bd0b-86567a421f72.log
C:UsersbyrlnAppDataLocalTemp6352bf89-aba8-4d33-903d-37b56514dbd8.log
C:UsersbyrlnAppDataLocalTemp6a41787f-c1e5-4dc1-aec7-ba78a87fe0c9.log
C:UsersbyrlnAppDataLocalTemp6df4c9e6-c408-42e4-8e5b-24b3e9f05da6.log
C:UsersbyrlnAppDataLocalTemp702c9e41-a21c-41f8-b823-47c50422ac61.log
C:UsersbyrlnAppDataLocalTemp70cdfb69-23d5-4689-9e0f-36ada2e0e1a2.log
C:UsersbyrlnAppDataLocalTemp7322f836-dbe1-49ff-897b-ec9f431fe094.log
C:UsersbyrlnAppDataLocalTemp732d1091-5f3c-437e-b91b-43b5a66d9a77.log
C:UsersbyrlnAppDataLocalTemp7556c9f6-fc63-422b-a205-44be2ea4a9ed.log
C:UsersbyrlnAppDataLocalTemp76061430-6dba-4923-bd3f-26161efce7fc.log
C:UsersbyrlnAppDataLocalTemp763046bf-141d-47f0-ab7f-fd72b9d17888.log
C:UsersbyrlnAppDataLocalTemp7a185f34-58ed-47a0-8f10-63bee372c775.log
C:UsersbyrlnAppDataLocalTemp7cc53095-a3ca-4a7b-97ba-2b848856ba21.log
C:UsersbyrlnAppDataLocalTemp7e3e2d5f-23e9-43ff-a1da-60f309349749.log
C:UsersbyrlnAppDataLocalTemp830ef973-afc0-43d1-a3f5-f13d017ea74d.log
C:UsersbyrlnAppDataLocalTemp840b5ec8-12f1-4dda-88c2-75319c84ab13.log
C:UsersbyrlnAppDataLocalTemp852b48e0-8c7d-46db-94ab-37cf87651e61.log
C:UsersbyrlnAppDataLocalTemp868f4653-4bfa-41f7-933f-429b3a0fd33e.log
C:UsersbyrlnAppDataLocalTemp87dbc858-97a0-482d-8770-13c2d28ad137.log
C:UsersbyrlnAppDataLocalTemp8837f75a-b189-42a9-8ef4-fd43d066e7e8.log
C:UsersbyrlnAppDataLocalTemp891647a7-201e-48f8-a28c-12f62b04e874.log
C:UsersbyrlnAppDataLocalTemp8b0d6064-79df-4655-9a1d-2e95fa305c19.log
C:UsersbyrlnAppDataLocalTemp8b29dbb9-6622-4b6a-a6b6-9a675d89f96f.log
C:UsersbyrlnAppDataLocalTemp8cc8f128-d3cd-4306-9f3f-27c1bc4df7af.log
C:UsersbyrlnAppDataLocalTemp95d46d7a-7d76-4321-bd06-9c2e539a1d75.log
C:UsersbyrlnAppDataLocalTemp973424c9-8288-416d-85f9-a49f369c624d.log
C:UsersbyrlnAppDataLocalTempa0389aba-b944-469c-931b-e9494be59af2.log
C:UsersbyrlnAppDataLocalTempa0e688d6-ae43-47eb-a6af-b37863d064ba.log
C:UsersbyrlnAppDataLocalTempa2a39268-e0a4-4a4b-aabb-005517c5f0cb.log
C:UsersbyrlnAppDataLocalTempa75330a7-2677-4aa0-bde3-01b38f4b4541.log
C:UsersbyrlnAppDataLocalTempa92a2e92-04f2-409a-bc10-21677dd4b0b4.log
C:UsersbyrlnAppDataLocalTempaa30fb7d-28b0-402b-98e7-dc0fcfd85d96.log
C:UsersbyrlnAppDataLocalTempaa41fd90-584e-4224-939f-3296749f44eb.log
C:UsersbyrlnAppDataLocalTempae44ff9c-c585-4b33-af88-a119ce610fab.log
C:UsersbyrlnAppDataLocalTempb4aa424b-050d-49da-aace-6e21f10adec0.log
C:UsersbyrlnAppDataLocalTempb5cdc2e6-9a69-4399-a52f-4a2ecb3247d7.log
C:UsersbyrlnAppDataLocalTempbbdb8301-062c-4f91-9238-f4dea24c00ff.log
C:UsersbyrlnAppDataLocalTempbc46551a-c2e7-498c-8ba8-840677d236eb.log
C:UsersbyrlnAppDataLocalTempbd7f879e-2675-43dc-b50a-0fe09bd25b19.log
C:UsersbyrlnAppDataLocalTempc05a5d45-d231-48e1-b66e-b4dbcf9f73db.log
C:UsersbyrlnAppDataLocalTempc0e305e8-f3ae-4a32-a786-42760db37540.log
C:UsersbyrlnAppDataLocalTempc609d6d9-5027-44a4-b9f3-1d5e0e26fdbb.log
C:UsersbyrlnAppDataLocalTempc894e771-3518-4ca2-8dff-603eeea6101e.log
C:UsersbyrlnAppDataLocalTempcb09c0d5-ab81-4ca2-99c5-fc06086702d9.log
C:UsersbyrlnAppDataLocalTempcb221903-8906-4ba0-a52b-b12a52ab5f80.log
C:UsersbyrlnAppDataLocalTempcc6a0c62-3e86-4dbf-9029-bac271e55c0d.log
C:UsersbyrlnAppDataLocalTempd3223b32-8aeb-43dc-8210-fa87d9e24c3f.log
C:UsersbyrlnAppDataLocalTempd4de9dfb-864c-43ae-bff9-0979fb643872.log
C:UsersbyrlnAppDataLocalTempd835411a-9508-440b-af08-4f690ebfb498.log
C:UsersbyrlnAppDataLocalTempdb861af7-8775-4a80-a623-da54e0a5388a.log
C:UsersbyrlnAppDataLocalTempe3aaf3e6-e6c6-4f9b-b229-626fdf358b7d.log
C:UsersbyrlnAppDataLocalTempe53a38c7-e195-4a13-9730-d870d2c7fd40.log
C:UsersbyrlnAppDataLocalTempe54dbfb8-3ed8-4ec6-a01d-94b8f6d91329.log
C:UsersbyrlnAppDataLocalTempe72b11e7-1fe4-4c72-b5ea-bc855af1052f.log
C:UsersbyrlnAppDataLocalTempe7a168ac-b222-4c17-b6cf-0dce42c9125e.log
C:UsersbyrlnAppDataLocalTempe8a44e6c-c1ee-41a1-994a-683b9e122be6.log
C:UsersbyrlnAppDataLocalTempeecb7085-dc28-4ebf-8f8a-11d3b8fdd93e.log
C:UsersbyrlnAppDataLocalTempef5718a4-3554-439c-9e58-6301cee9141a.log
C:UsersbyrlnAppDataLocalTempf0970901-4165-4be3-a867-4519f576c90d.log
C:UsersbyrlnAppDataLocalTempf2d4d969-e001-4cdb-91b0-bdd9a12ef1b9.log
C:UsersbyrlnAppDataLocalTempffbd93c3-74f4-42ee-9c78-ba23cfeb1e81.log
create-test-product.js
next.config.js
next-env.d.ts
node_modules
package.json
package-lock.json
postcss.config.js
prisma
public
README.md
regenerate-prisma.js
run-migrations.js
scripts
src
tailwind.config.js
test-db.js
test-db-connection.js
test-product.js
tsconfig.json
